[2019-10-26 11:40:14.36960600] transaction successfully update expenditure complete
[2019-10-26 11:40:38.66147800] transaction successfully update expenditure complete
[2019-10-26 11:40:50.32018200] transaction successfully update expenditure complete
[2019-10-26 11:41:31.08480900] 7ERROR:  invalid input syntax for type timestamp: ""
CONTEXT:  SQL statement "WITH source AS (SELECT * FROM json_populate_recordset (null::expenditure, inexpenditure))
--select * from expenditure
UPDATE expenditure
   SET project_name = s.project_name, afe_number = s.afe_number, start_date = case when (s.start_date is null) then null else s.start_date end,
	anticipated_date = case when (s.anticipated_date is null) then now() else s.anticipated_date end,
	amount_request = s.amount_request, request_by = s.request_by, request_signature = s.request_signature, 
	date_request = case when (s.date_request is null) then now() else s.date_request end,
	support_documentation = s.support_documentation, president_name = s.president_name, president_signature = s.president_signature,
	president_date_approved = case when (s.president_date_approved is null) then now() else s.president_date_approved end, 
	cfo_name = s.cfo_name, cfo_signature = s.cfo_signature, 
	cfo_date_approved = case when (s.cfo_date_approved is null) then now() else s.cfo_date_approved end, updated_at = now()
  FROM source AS s
 WHERE expenditure.id = s.id"
PL/pgSQL function update_expenditure(json) line 2 at SQL statement
[2019-10-26 11:42:52.77212700] transaction successfully update expenditure complete
[2019-10-26 11:43:46.32172100] 7ERROR:  invalid input syntax for type timestamp: ""
CONTEXT:  SQL statement "WITH source AS (SELECT * FROM json_populate_recordset (null::expenditure, inexpenditure))
--select * from expenditure
UPDATE expenditure
   SET project_name = s.project_name, afe_number = s.afe_number, start_date = case when (s.start_date is null) then null else s.start_date end,
	anticipated_date = case when (s.anticipated_date is null) then now() else s.anticipated_date end,
	amount_request = s.amount_request, request_by = s.request_by, request_signature = s.request_signature, 
	date_request = case when (s.date_request is null) then now() else s.date_request end,
	support_documentation = s.support_documentation, president_name = s.president_name, president_signature = s.president_signature,
	president_date_approved = case when (s.president_date_approved is null) then now() else s.president_date_approved end, 
	cfo_name = s.cfo_name, cfo_signature = s.cfo_signature, 
	cfo_date_approved = case when (s.cfo_date_approved is null) then now() else s.cfo_date_approved end, updated_at = now()
  FROM source AS s
 WHERE expenditure.id = s.id"
PL/pgSQL function update_expenditure(json) line 2 at SQL statement
[2019-10-26 11:43:58.84928700] transaction successfully update expenditure complete
[2019-10-26 11:44:17.50559400] transaction successfully update expenditure complete
[2019-10-26 11:51:14.55021700] 7ERROR:  invalid input syntax for type timestamp: "null"
CONTEXT:  SQL statement "WITH source AS (SELECT * FROM json_populate_recordset (null::expenditure, inexpenditure))
--select * from expenditure
UPDATE expenditure
   SET project_name = s.project_name, afe_number = s.afe_number, start_date = case when (s.start_date is null) then null else s.start_date end,
	anticipated_date = case when (s.anticipated_date is null) then now() else s.anticipated_date end,
	amount_request = s.amount_request, request_by = s.request_by, request_signature = s.request_signature, 
	date_request = case when (s.date_request is null) then now() else s.date_request end,
	support_documentation = s.support_documentation, president_name = s.president_name, president_signature = s.president_signature,
	president_date_approved = case when (s.president_date_approved is null) then now() else s.president_date_approved end, 
	cfo_name = s.cfo_name, cfo_signature = s.cfo_signature, 
	cfo_date_approved = case when (s.cfo_date_approved is null) then now() else s.cfo_date_approved end, updated_at = now()
  FROM source AS s
 WHERE expenditure.id = s.id"
PL/pgSQL function update_expenditure(json) line 2 at SQL statement
[2019-10-26 11:53:10.36419500] 7ERROR:  invalid input syntax for type timestamp: "NULL"
CONTEXT:  SQL statement "WITH source AS (SELECT * FROM json_populate_recordset (null::expenditure, inexpenditure))
--select * from expenditure
UPDATE expenditure
   SET project_name = s.project_name, afe_number = s.afe_number, start_date = case when (s.start_date is null) then null else s.start_date end,
	anticipated_date = case when (s.anticipated_date is null) then now() else s.anticipated_date end,
	amount_request = s.amount_request, request_by = s.request_by, request_signature = s.request_signature, 
	date_request = case when (s.date_request is null) then now() else s.date_request end,
	support_documentation = s.support_documentation, president_name = s.president_name, president_signature = s.president_signature,
	president_date_approved = case when (s.president_date_approved is null) then now() else s.president_date_approved end, 
	cfo_name = s.cfo_name, cfo_signature = s.cfo_signature, 
	cfo_date_approved = case when (s.cfo_date_approved is null) then now() else s.cfo_date_approved end, updated_at = now()
  FROM source AS s
 WHERE expenditure.id = s.id"
PL/pgSQL function update_expenditure(json) line 2 at SQL statement
[2019-10-26 11:55:06.74692200] transaction successfully update expenditure complete
[2019-10-26 11:55:15.18491800] transaction successfully update expenditure complete
[2019-10-26 12:02:57.52792700] transaction successfully update expenditure complete
[2019-10-26 12:04:23.36793600] transaction successfully update expenditure complete
[2019-10-26 12:06:05.93617300] transaction successfully update expenditure complete
[2019-10-26 12:10:45.48768900] transaction successfully
[2019-10-26 18:18:00.50358300] "Insert_Request: transaction successfully
[2019-10-26 18:18:00.57932400] "Insert_Parts: transaction successfully
[2019-10-26 19:51:11.01178800] transaction successfully
[2019-10-26 20:17:43.72573600] "Insert_Request: transaction successfully
[2019-10-26 20:17:43.79600200] "Insert_Parts: transaction successfully
[2019-10-26 20:31:26.77227700] transaction successfully update expenditure complete
[2019-10-26 20:32:20.94323100] 7ERROR:  invalid input syntax for type timestamp: ""
CONTEXT:  SQL statement "INSERT INTO expenditure (project_name,afe_number,description,start_date,anticipated_date, amount_request, request_by, request_signature,
									 date_request,support_documentation, president_name, president_signature, president_date_approved,
									cfo_name, cfo_signature, cfo_date_approved, created_by,updated_by)   
			select project_name,afe_number, description,start_date,anticipated_date, amount_request, request_by, request_signature,
									 date_request,support_documentation, president_name, president_signature, president_date_approved,
									cfo_name, cfo_signature, cfo_date_approved, created_by,updated_by
			from json_populate_recordset(null::expenditure, inexpenditure)"
PL/pgSQL function insert_expenditure(json) line 7 at SQL statement
[2019-10-26 20:32:21.02079800] 7ERROR:  invalid input syntax for type timestamp: ""
CONTEXT:  SQL statement "INSERT INTO expenditure (project_name,afe_number,description,start_date,anticipated_date, amount_request, request_by, request_signature,
									 date_request,support_documentation, president_name, president_signature, president_date_approved,
									cfo_name, cfo_signature, cfo_date_approved, created_by,updated_by)   
			select project_name,afe_number, description,start_date,anticipated_date, amount_request, request_by, request_signature,
									 date_request,support_documentation, president_name, president_signature, president_date_approved,
									cfo_name, cfo_signature, cfo_date_approved, created_by,updated_by
			from json_populate_recordset(null::expenditure, inexpenditure)"
PL/pgSQL function insert_expenditure(json) line 7 at SQL statement
[2019-10-26 20:33:59.16897300] transaction successfully registration expenditur complete
[2019-10-26 20:34:32.84090500] transaction successfully registration expenditur complete
[2019-10-26 20:38:18.53650300] 7ERROR:  invalid input syntax for type double precision: ""
CONTEXT:  SQL statement "INSERT INTO expenditure (project_name,afe_number,description,start_date,anticipated_date, amount_request, request_by, request_signature,
									 date_request,support_documentation, president_name, president_signature, president_date_approved,
									cfo_name, cfo_signature, cfo_date_approved, created_by,updated_by)   
			select project_name,afe_number, description,start_date,anticipated_date, amount_request, request_by, request_signature,
									 date_request,support_documentation, president_name, president_signature, president_date_approved,
									cfo_name, cfo_signature, cfo_date_approved, created_by,updated_by
			from json_populate_recordset(null::expenditure, inexpenditure)"
PL/pgSQL function insert_expenditure(json) line 7 at SQL statement
[2019-10-26 20:38:35.24259900] transaction successfully update expenditure complete
[2019-10-27 12:20:41.09506600] transaction successfully
[2019-10-27 12:21:39.94496400] "Insert_Request: transaction successfully
[2019-10-27 12:21:40.02077300] "Insert_Parts: transaction successfully
[2019-10-27 12:21:40.02229100] "Insert_Parts: transaction successfully
[2019-10-27 12:22:03.05906400] transaction successfully
[2019-10-27 12:30:01.15037800] "Insert_Request: transaction successfully
[2019-10-27 12:30:01.22099600] "Insert_Parts: transaction successfully
[2019-10-27 12:38:08.94755900] transaction successfully
[2019-10-27 12:40:11.81030200] "Insert_Request: transaction successfully
[2019-10-27 12:40:11.89164800] "Insert_Parts: transaction successfully
[2019-10-27 12:40:36.27682600] transaction successfully
[2019-10-27 12:47:35.28475600] "Insert_Request: transaction successfully
[2019-10-27 12:47:35.36249600] "Insert_Parts: transaction successfully
[2019-10-27 13:05:31.86683400] transaction successfully
[2019-10-27 13:05:50.87651800] transaction successfully
[2019-10-27 13:12:41.61793700] transaction successfully
[2019-10-27 13:21:06.52235800] transaction successfully
[2019-10-27 13:21:22.20116300] transaction successfully
[2019-10-27 13:34:56.35647100] transaction successfully
[2019-10-27 13:40:05.54860100] transaction successfully
[2019-10-27 15:28:04.41500800] "Insert_Request: transaction successfully
[2019-10-27 15:28:04.48930300] "Insert_Parts: transaction successfully
[2019-10-27 16:18:55.77667400] transaction successfully registration expenditur complete
[2019-10-27 16:27:19.57978200] transaction successfully registration expenditur complete
[2019-10-27 16:40:31.63393300] transaction successfully registration expenditur complete
[2019-10-28 17:33:52.79341500] transaction successfully registration expenditur complete
[2019-10-28 17:33:55.84779000] transaction successfully registration expenditur complete
[2019-10-28 17:34:03.99230900] transaction successfully registration expenditur complete
[2019-10-28 17:40:23.44991000] 7ERROR:  invalid input syntax for type timestamp: ""
CONTEXT:  SQL statement "INSERT INTO expenditure (project_name,afe_number,description,start_date,anticipated_date, amount_request, request_by, request_signature,
									 date_request,support_documentation, president_name, president_signature, president_date_approved,
									cfo_name, cfo_signature, cfo_date_approved, created_by,updated_by)   
			select project_name,afe_number, description,start_date,anticipated_date, amount_request, request_by, request_signature,
									 date_request,support_documentation, president_name, president_signature, president_date_approved,
									cfo_name, cfo_signature, cfo_date_approved, created_by,updated_by
			from json_populate_recordset(null::expenditure, inexpenditure)"
PL/pgSQL function insert_expenditure(json) line 7 at SQL statement
[2019-10-28 17:49:29.91470700] 7ERROR:  invalid input syntax for type timestamp: ""
CONTEXT:  SQL statement "INSERT INTO expenditure (project_name,afe_number,description,start_date,anticipated_date, amount_request, request_by, request_signature,
									 date_request,support_documentation, president_name, president_signature, president_date_approved,
									cfo_name, cfo_signature, cfo_date_approved, created_by,updated_by)   
			select project_name,afe_number, description,start_date,anticipated_date, amount_request, request_by, request_signature,
									 date_request,support_documentation, president_name, president_signature, president_date_approved,
									cfo_name, cfo_signature, cfo_date_approved, created_by,updated_by
			from json_populate_recordset(null::expenditure, inexpenditure)"
PL/pgSQL function insert_expenditure(json) line 7 at SQL statement
[2019-10-28 17:52:17.26166600] transaction successfully registration expenditur complete
[2019-10-28 18:04:32.15734900] transaction successfully
[2019-10-28 18:12:45.04419300] transaction successfully
[2019-10-28 18:12:58.89678100] transaction successfully
[2019-10-28 18:28:52.02062600] "Insert_Request: transaction successfully
[2019-10-28 18:28:52.10717600] "Insert_Parts: transaction successfully
[2019-10-28 18:29:16.87701000] transaction successfully
[2019-10-28 18:29:43.54776100] transaction successfully
[2019-10-28 18:50:06.34522000] transaction successfully
[2019-10-28 18:51:13.58968800] "Insert_Request: transaction successfully
[2019-10-28 18:51:13.65880300] "Insert_Parts: transaction successfully
